2025-05-01 19:13:28.314 INFO  [background-preinit] o.h.validator.internal.util.Version - HV000001: Hibernate Validator 8.0.2.Final
2025-05-01 19:13:28.365 INFO  [main] com.example.sb.SbApplication - Starting SbApplication using Java 23.0.2 with PID 6652 (D:\Projects\Java\sb\target\classes started by Professional in D:\Projects\Java\sb)
2025-05-01 19:13:28.366 INFO  [main] com.example.sb.SbApplication - No active profile set, falling back to 1 default profile: "default"
2025-05-01 19:13:29.231 INFO  [main] o.s.d.r.c.RepositoryConfigurationDelegate - Bootstrapping Spring Data JPA repositories in DEFAULT mode.
2025-05-01 19:13:29.295 INFO  [main] o.s.d.r.c.RepositoryConfigurationDelegate - Finished Spring Data repository scanning in 56 ms. Found 2 JPA repository interfaces.
2025-05-01 19:13:29.992 INFO  [main] o.s.b.w.e.tomcat.TomcatWebServer - Tomcat initialized with port 8080 (http)
2025-05-01 19:13:30.005 INFO  [main] o.a.coyote.http11.Http11NioProtocol - Initializing ProtocolHandler ["http-nio-8080"]
2025-05-01 19:13:30.007 INFO  [main] o.a.catalina.core.StandardService - Starting service [Tomcat]
2025-05-01 19:13:30.007 INFO  [main] o.a.catalina.core.StandardEngine - Starting Servlet engine: [Apache Tomcat/10.1.34]
2025-05-01 19:13:30.066 INFO  [main] o.a.c.c.C.[Tomcat].[localhost].[/] - Initializing Spring embedded WebApplicationContext
2025-05-01 19:13:30.066 INFO  [main] o.s.b.w.s.c.ServletWebServerApplicationContext - Root WebApplicationContext: initialization completed in 1640 ms
2025-05-01 19:13:30.241 INFO  [main] o.h.jpa.internal.util.LogHelper - HHH000204: Processing PersistenceUnitInfo [name: default]
2025-05-01 19:13:30.311 INFO  [main] org.hibernate.Version - HHH000412: Hibernate ORM core version 6.6.5.Final
2025-05-01 19:13:30.349 INFO  [main] o.h.c.i.RegionFactoryInitiator - HHH000026: Second-level cache disabled
2025-05-01 19:13:30.631 INFO  [main] o.s.o.j.p.SpringPersistenceUnitInfo - No LoadTimeWeaver setup: ignoring JPA class transformer
2025-05-01 19:13:30.663 INFO  [main] com.zaxxer.hikari.HikariDataSource - HikariPool-1 - Starting...
2025-05-01 19:13:30.835 INFO  [main] com.zaxxer.hikari.pool.HikariPool - HikariPool-1 - Added connection org.postgresql.jdbc.PgConnection@7c4ca87c
2025-05-01 19:13:30.836 INFO  [main] com.zaxxer.hikari.HikariDataSource - HikariPool-1 - Start completed.
2025-05-01 19:13:30.918 INFO  [main] o.hibernate.orm.connections.pooling - HHH10001005: Database info:
	Database JDBC URL [Connecting through datasource 'HikariDataSource (HikariPool-1)']
	Database driver: undefined/unknown
	Database version: 17.4
	Autocommit mode: undefined/unknown
	Isolation level: undefined/unknown
	Minimum pool size: undefined/unknown
	Maximum pool size: undefined/unknown
2025-05-01 19:13:31.877 INFO  [main] o.h.e.t.j.p.i.JtaPlatformInitiator - HHH000489: No JTA platform available (set 'hibernate.transaction.jta.platform' to enable JTA platform integration)
2025-05-01 19:13:32.034 INFO  [main] o.s.o.j.LocalContainerEntityManagerFactoryBean - Initialized JPA EntityManagerFactory for persistence unit 'default'
2025-05-01 19:13:32.048 INFO  [main] com.example.sb.cache.CarCache - CarCache initialized with cleanup task every 300 seconds
2025-05-01 19:13:32.366 INFO  [main] o.s.d.j.r.query.QueryEnhancerFactory - Hibernate is in classpath; If applicable, HQL parser will be used.
2025-05-01 19:13:33.372 WARN  [main] o.s.b.a.o.j.JpaBaseConfiguration$JpaWebConfiguration - spring.jpa.open-in-view is enabled by default. Therefore, database queries may be performed during view rendering. Explicitly configure spring.jpa.open-in-view to disable this warning
2025-05-01 19:13:33.916 INFO  [main] o.a.coyote.http11.Http11NioProtocol - Starting ProtocolHandler ["http-nio-8080"]
2025-05-01 19:13:33.940 INFO  [main] o.s.b.w.e.tomcat.TomcatWebServer - Tomcat started on port 8080 (http) with context path '/'
2025-05-01 19:13:33.948 INFO  [main] com.example.sb.SbApplication - Started SbApplication in 6.112 seconds (process running for 6.679)
2025-05-01 19:13:47.556 INFO  [http-nio-8080-exec-2] o.a.c.c.C.[Tomcat].[localhost].[/] - Initializing Spring DispatcherServlet 'dispatcherServlet'
2025-05-01 19:13:47.606 INFO  [http-nio-8080-exec-2] c.example.sb.aspects.LoggingAspect - Entering method: CarController.getCarsWithFilters(..) with arguments: [14, null, null, null, null, 1278170, null]
2025-05-01 19:13:47.655 ERROR [http-nio-8080-exec-2] c.example.sb.aspects.LoggingAspect - Exception in method: CarController.getCarsWithFilters(..) with message: getCarsWithFilters.minMileage: Mileage must be less than 1,000,000
2025-05-01 19:13:47.658 WARN  [http-nio-8080-exec-2] c.e.s.e.ExceptionHandlerController - Constraint violation: getCarsWithFilters.minMileage: Mileage must be less than 1,000,000, returning 400 status
2025-05-01 19:13:53.722 INFO  [http-nio-8080-exec-4] c.example.sb.aspects.LoggingAspect - Entering method: CarController.getCarsWithFilters(..) with arguments: [14, null, null, null, null, 127817, null]
2025-05-01 19:13:53.813 DEBUG [http-nio-8080-exec-4] org.hibernate.SQL - 
    SELECT
        * 
    FROM
        cars 
    WHERE
        owner_id = ? 
        AND (
            ? IS NULL 
            OR name LIKE CONCAT('%', ?, '%')
        ) 
        AND (
            ? IS NULL 
            OR fuel_type = ?
        ) 
        AND (
            ? IS NULL 
            OR year >= ?
        ) 
        AND (
            ? IS NULL 
            OR year <= ?
        ) 
        AND (
            ? IS NULL 
            OR mileage >= ?
        ) 
        AND (
            ? IS NULL 
            OR mileage <= ?
        )
2025-05-01 19:13:53.866 INFO  [http-nio-8080-exec-4] c.example.sb.aspects.LoggingAspect - Exiting method: CarController.getCarsWithFilters(..) with result: <200 OK OK,[],[]> (execution time: 144ms)
2025-05-01 19:13:59.649 INFO  [http-nio-8080-exec-5] c.example.sb.aspects.LoggingAspect - Entering method: CarController.getCarsWithFilters(..) with arguments: [14, null, null, null, null, 12781, null]
2025-05-01 19:13:59.651 DEBUG [http-nio-8080-exec-5] org.hibernate.SQL - 
    SELECT
        * 
    FROM
        cars 
    WHERE
        owner_id = ? 
        AND (
            ? IS NULL 
            OR name LIKE CONCAT('%', ?, '%')
        ) 
        AND (
            ? IS NULL 
            OR fuel_type = ?
        ) 
        AND (
            ? IS NULL 
            OR year >= ?
        ) 
        AND (
            ? IS NULL 
            OR year <= ?
        ) 
        AND (
            ? IS NULL 
            OR mileage >= ?
        ) 
        AND (
            ? IS NULL 
            OR mileage <= ?
        )
2025-05-01 19:13:59.673 INFO  [http-nio-8080-exec-5] c.example.sb.aspects.LoggingAspect - Exiting method: CarController.getCarsWithFilters(..) with result: <200 OK OK,[com.example.sb.schemas.CarDTO@75278b18, com.example.sb.schemas.CarDTO@2ee53a1d, com.example.sb.schemas.CarDTO@7d4f97f, com.example.sb.schemas.CarDTO@17d6c1f6],[]> (execution time: 24ms)
2025-05-01 19:15:05.484 INFO  [http-nio-8080-exec-8] c.example.sb.aspects.LoggingAspect - Entering method: VisitCounterController.getAllVisitCounts() with arguments: []
2025-05-01 19:15:05.484 INFO  [http-nio-8080-exec-8] c.example.sb.aspects.LoggingAspect - Exiting method: VisitCounterController.getAllVisitCounts() with result: {/api/visits=1, /api/users/14/cars/filter=3} (execution time: 0ms)
2025-05-01 19:18:32.060 INFO  [pool-2-thread-1] com.example.sb.cache.CarCache - CarCache cleanup: 0 expired entries removed
2025-05-01 19:23:32.057 INFO  [pool-2-thread-1] com.example.sb.cache.CarCache - CarCache cleanup: 0 expired entries removed
2025-05-01 19:28:32.050 INFO  [pool-2-thread-1] com.example.sb.cache.CarCache - CarCache cleanup: 0 expired entries removed
2025-05-01 19:33:32.055 INFO  [pool-2-thread-1] com.example.sb.cache.CarCache - CarCache cleanup: 0 expired entries removed
2025-05-01 19:38:32.059 INFO  [pool-2-thread-1] com.example.sb.cache.CarCache - CarCache cleanup: 0 expired entries removed
2025-05-01 19:43:32.062 INFO  [pool-2-thread-1] com.example.sb.cache.CarCache - CarCache cleanup: 0 expired entries removed
2025-05-01 19:48:32.061 INFO  [pool-2-thread-1] com.example.sb.cache.CarCache - CarCache cleanup: 0 expired entries removed
2025-05-01 19:53:32.058 INFO  [pool-2-thread-1] com.example.sb.cache.CarCache - CarCache cleanup: 0 expired entries removed
2025-05-01 19:58:32.051 INFO  [pool-2-thread-1] com.example.sb.cache.CarCache - CarCache cleanup: 0 expired entries removed
2025-05-01 20:03:32.051 INFO  [pool-2-thread-1] com.example.sb.cache.CarCache - CarCache cleanup: 0 expired entries removed
2025-05-01 20:08:32.050 INFO  [pool-2-thread-1] com.example.sb.cache.CarCache - CarCache cleanup: 0 expired entries removed
2025-05-01 20:13:32.062 INFO  [pool-2-thread-1] com.example.sb.cache.CarCache - CarCache cleanup: 0 expired entries removed
2025-05-01 23:26:36.196 WARN  [HikariPool-1 housekeeper] com.zaxxer.hikari.pool.HikariPool - HikariPool-1 - Thread starvation or clock leap detected (housekeeper delta=3h10m34s307ms770µs).
2025-05-01 23:27:48.650 INFO  [http-nio-8080-exec-1] o.s.api.AbstractOpenApiResource - Init duration for springdoc-openapi is: 520 ms
2025-05-01 23:28:36.330 INFO  [pool-2-thread-1] com.example.sb.cache.CarCache - CarCache cleanup: 0 expired entries removed
2025-05-01 23:28:36.330 INFO  [pool-2-thread-1] com.example.sb.cache.CarCache - CarCache cleanup: 0 expired entries removed
2025-05-01 23:28:36.330 INFO  [pool-2-thread-1] com.example.sb.cache.CarCache - CarCache cleanup: 0 expired entries removed
2025-05-01 23:28:36.330 INFO  [pool-2-thread-1] com.example.sb.cache.CarCache - CarCache cleanup: 0 expired entries removed
2025-05-01 23:28:36.330 INFO  [pool-2-thread-1] com.example.sb.cache.CarCache - CarCache cleanup: 0 expired entries removed
2025-05-01 23:28:36.330 INFO  [pool-2-thread-1] com.example.sb.cache.CarCache - CarCache cleanup: 0 expired entries removed
2025-05-01 23:28:36.330 INFO  [pool-2-thread-1] com.example.sb.cache.CarCache - CarCache cleanup: 0 expired entries removed
2025-05-01 23:28:36.330 INFO  [pool-2-thread-1] com.example.sb.cache.CarCache - CarCache cleanup: 0 expired entries removed
2025-05-01 23:28:36.330 INFO  [pool-2-thread-1] com.example.sb.cache.CarCache - CarCache cleanup: 0 expired entries removed
2025-05-01 23:28:36.330 INFO  [pool-2-thread-1] com.example.sb.cache.CarCache - CarCache cleanup: 0 expired entries removed
2025-05-01 23:28:36.330 INFO  [pool-2-thread-1] com.example.sb.cache.CarCache - CarCache cleanup: 0 expired entries removed
2025-05-01 23:28:36.330 INFO  [pool-2-thread-1] com.example.sb.cache.CarCache - CarCache cleanup: 0 expired entries removed
2025-05-01 23:28:36.330 INFO  [pool-2-thread-1] com.example.sb.cache.CarCache - CarCache cleanup: 0 expired entries removed
2025-05-01 23:28:36.330 INFO  [pool-2-thread-1] com.example.sb.cache.CarCache - CarCache cleanup: 0 expired entries removed
2025-05-01 23:28:36.330 INFO  [pool-2-thread-1] com.example.sb.cache.CarCache - CarCache cleanup: 0 expired entries removed
2025-05-01 23:28:36.330 INFO  [pool-2-thread-1] com.example.sb.cache.CarCache - CarCache cleanup: 0 expired entries removed
2025-05-01 23:28:36.331 INFO  [pool-2-thread-1] com.example.sb.cache.CarCache - CarCache cleanup: 0 expired entries removed
2025-05-01 23:28:36.331 INFO  [pool-2-thread-1] com.example.sb.cache.CarCache - CarCache cleanup: 0 expired entries removed
2025-05-01 23:28:36.331 INFO  [pool-2-thread-1] com.example.sb.cache.CarCache - CarCache cleanup: 0 expired entries removed
2025-05-01 23:28:36.331 INFO  [pool-2-thread-1] com.example.sb.cache.CarCache - CarCache cleanup: 0 expired entries removed
2025-05-01 23:28:36.331 INFO  [pool-2-thread-1] com.example.sb.cache.CarCache - CarCache cleanup: 0 expired entries removed
2025-05-01 23:28:36.331 INFO  [pool-2-thread-1] com.example.sb.cache.CarCache - CarCache cleanup: 0 expired entries removed
2025-05-01 23:28:36.331 INFO  [pool-2-thread-1] com.example.sb.cache.CarCache - CarCache cleanup: 0 expired entries removed
2025-05-01 23:28:36.331 INFO  [pool-2-thread-1] com.example.sb.cache.CarCache - CarCache cleanup: 0 expired entries removed
2025-05-01 23:28:36.331 INFO  [pool-2-thread-1] com.example.sb.cache.CarCache - CarCache cleanup: 0 expired entries removed
2025-05-01 23:28:36.331 INFO  [pool-2-thread-1] com.example.sb.cache.CarCache - CarCache cleanup: 0 expired entries removed
2025-05-01 23:28:36.331 INFO  [pool-2-thread-1] com.example.sb.cache.CarCache - CarCache cleanup: 0 expired entries removed
2025-05-01 23:28:36.331 INFO  [pool-2-thread-1] com.example.sb.cache.CarCache - CarCache cleanup: 0 expired entries removed
2025-05-01 23:28:36.331 INFO  [pool-2-thread-1] com.example.sb.cache.CarCache - CarCache cleanup: 0 expired entries removed
2025-05-01 23:28:36.331 INFO  [pool-2-thread-1] com.example.sb.cache.CarCache - CarCache cleanup: 0 expired entries removed
2025-05-01 23:28:36.331 INFO  [pool-2-thread-1] com.example.sb.cache.CarCache - CarCache cleanup: 0 expired entries removed
2025-05-01 23:28:36.331 INFO  [pool-2-thread-1] com.example.sb.cache.CarCache - CarCache cleanup: 0 expired entries removed
2025-05-01 23:28:36.331 INFO  [pool-2-thread-1] com.example.sb.cache.CarCache - CarCache cleanup: 0 expired entries removed
2025-05-01 23:28:36.331 INFO  [pool-2-thread-1] com.example.sb.cache.CarCache - CarCache cleanup: 0 expired entries removed
2025-05-01 23:28:36.331 INFO  [pool-2-thread-1] com.example.sb.cache.CarCache - CarCache cleanup: 0 expired entries removed
2025-05-01 23:28:36.331 INFO  [pool-2-thread-1] com.example.sb.cache.CarCache - CarCache cleanup: 0 expired entries removed
2025-05-01 23:28:36.331 INFO  [pool-2-thread-1] com.example.sb.cache.CarCache - CarCache cleanup: 0 expired entries removed
2025-05-01 23:28:36.331 INFO  [pool-2-thread-1] com.example.sb.cache.CarCache - CarCache cleanup: 0 expired entries removed
2025-05-01 23:28:36.331 INFO  [pool-2-thread-1] com.example.sb.cache.CarCache - CarCache cleanup: 0 expired entries removed
2025-05-01 23:29:08.147 INFO  [SpringApplicationShutdownHook] o.s.b.w.e.tomcat.GracefulShutdown - Commencing graceful shutdown. Waiting for active requests to complete
2025-05-01 23:29:08.152 INFO  [tomcat-shutdown] o.s.b.w.e.tomcat.GracefulShutdown - Graceful shutdown complete
2025-05-01 23:29:08.156 INFO  [SpringApplicationShutdownHook] com.example.sb.cache.CarCache - CarCache resources cleaned up
2025-05-01 23:29:08.157 INFO  [SpringApplicationShutdownHook] o.s.o.j.LocalContainerEntityManagerFactoryBean - Closing JPA EntityManagerFactory for persistence unit 'default'
2025-05-01 23:29:08.160 INFO  [SpringApplicationShutdownHook] com.zaxxer.hikari.HikariDataSource - HikariPool-1 - Shutdown initiated...
2025-05-01 23:29:08.166 INFO  [SpringApplicationShutdownHook] com.zaxxer.hikari.HikariDataSource - HikariPool-1 - Shutdown completed.
2025-05-01 23:30:16 INFO  o.h.validator.internal.util.Version - HV000001: Hibernate Validator 8.0.2.Final
2025-05-01 23:30:16 INFO  com.example.sb.SbApplication - Starting SbApplication using Java 23.0.2 with PID 15096 (D:\Projects\Java\sb\target\classes started by Professional in D:\Projects\Java\sb)
2025-05-01 23:30:16 INFO  com.example.sb.SbApplication - No active profile set, falling back to 1 default profile: "default"
2025-05-01 23:30:16 INFO  o.s.d.r.c.RepositoryConfigurationDelegate - Bootstrapping Spring Data JPA repositories in DEFAULT mode.
2025-05-01 23:30:16 INFO  o.s.d.r.c.RepositoryConfigurationDelegate - Finished Spring Data repository scanning in 43 ms. Found 2 JPA repository interfaces.
2025-05-01 23:30:17 INFO  o.s.b.w.e.tomcat.TomcatWebServer - Tomcat initialized with port 8080 (http)
2025-05-01 23:30:17 INFO  o.a.coyote.http11.Http11NioProtocol - Initializing ProtocolHandler ["http-nio-8080"]
2025-05-01 23:30:17 INFO  o.a.catalina.core.StandardService - Starting service [Tomcat]
2025-05-01 23:30:17 INFO  o.a.catalina.core.StandardEngine - Starting Servlet engine: [Apache Tomcat/10.1.34]
2025-05-01 23:30:17 INFO  o.a.c.c.C.[Tomcat].[localhost].[/] - Initializing Spring embedded WebApplicationContext
2025-05-01 23:30:17 INFO  o.s.b.w.s.c.ServletWebServerApplicationContext - Root WebApplicationContext: initialization completed in 1374 ms
2025-05-01 23:30:17 INFO  o.h.jpa.internal.util.LogHelper - HHH000204: Processing PersistenceUnitInfo [name: default]
2025-05-01 23:30:17 INFO  org.hibernate.Version - HHH000412: Hibernate ORM core version 6.6.5.Final
2025-05-01 23:30:17 INFO  o.h.c.i.RegionFactoryInitiator - HHH000026: Second-level cache disabled
2025-05-01 23:30:18 INFO  o.s.o.j.p.SpringPersistenceUnitInfo - No LoadTimeWeaver setup: ignoring JPA class transformer
2025-05-01 23:30:18 INFO  com.zaxxer.hikari.HikariDataSource - HikariPool-1 - Starting...
2025-05-01 23:30:18 INFO  com.zaxxer.hikari.pool.HikariPool - HikariPool-1 - Added connection org.postgresql.jdbc.PgConnection@2e40fdbd
2025-05-01 23:30:18 INFO  com.zaxxer.hikari.HikariDataSource - HikariPool-1 - Start completed.
2025-05-01 23:30:18 INFO  o.hibernate.orm.connections.pooling - HHH10001005: Database info:
	Database JDBC URL [Connecting through datasource 'HikariDataSource (HikariPool-1)']
	Database driver: undefined/unknown
	Database version: 17.4
	Autocommit mode: undefined/unknown
	Isolation level: undefined/unknown
	Minimum pool size: undefined/unknown
	Maximum pool size: undefined/unknown
2025-05-01 23:30:19 INFO  o.h.e.t.j.p.i.JtaPlatformInitiator - HHH000489: No JTA platform available (set 'hibernate.transaction.jta.platform' to enable JTA platform integration)
2025-05-01 23:30:19 INFO  o.s.o.j.LocalContainerEntityManagerFactoryBean - Initialized JPA EntityManagerFactory for persistence unit 'default'
2025-05-01 23:30:19 INFO  com.example.sb.cache.CarCache - CarCache initialized with cleanup task every 300 seconds
2025-05-01 23:30:19 INFO  o.s.d.j.r.query.QueryEnhancerFactory - Hibernate is in classpath; If applicable, HQL parser will be used.
2025-05-01 23:30:20 WARN  o.s.b.a.o.j.JpaBaseConfiguration$JpaWebConfiguration - spring.jpa.open-in-view is enabled by default. Therefore, database queries may be performed during view rendering. Explicitly configure spring.jpa.open-in-view to disable this warning
2025-05-01 23:30:20 INFO  o.a.coyote.http11.Http11NioProtocol - Starting ProtocolHandler ["http-nio-8080"]
2025-05-01 23:30:20 INFO  o.s.b.w.e.tomcat.TomcatWebServer - Tomcat started on port 8080 (http) with context path '/'
2025-05-01 23:30:20 INFO  com.example.sb.SbApplication - Started SbApplication in 5.399 seconds (process running for 6.137)
2025-05-01 23:30:29 INFO  o.s.b.w.e.tomcat.GracefulShutdown - Commencing graceful shutdown. Waiting for active requests to complete
2025-05-01 23:30:29 INFO  o.s.b.w.e.tomcat.GracefulShutdown - Graceful shutdown complete
2025-05-01 23:30:29 INFO  com.example.sb.cache.CarCache - CarCache resources cleaned up
2025-05-01 23:30:29 INFO  o.s.o.j.LocalContainerEntityManagerFactoryBean - Closing JPA EntityManagerFactory for persistence unit 'default'
2025-05-01 23:30:29 INFO  com.zaxxer.hikari.HikariDataSource - HikariPool-1 - Shutdown initiated...
2025-05-01 23:30:29 INFO  com.zaxxer.hikari.HikariDataSource - HikariPool-1 - Shutdown completed.
